Der Buildvorgang wurde am 20.06.2014 23:15:47 gestartet.
     1>Projekt "C:\Users\Alexander Wilms\Documents\Hochschule Darmstadt\2. Semester\Technische Informatik 2\Praktika\Praktikum 4\Praktikum 2\Praktikum 2.vcxproj" auf Knoten "2", Build Ziel(e).
     1>ClCompile:
         C:\Program Files (x86)\Microsoft Visual Studio 11.0\VC\bin\CL.exe /c /Zi /nologo /W3 /WX- /O2 /Oi /Oy- /GL /D _MBCS /Gm- /EHsc /MD /GS /Gy /fp:precise /Zc:wchar_t /Zc:forScope /Fo"Release\\" /Fd"Release\vc110.pdb" /Gd /TP /analyze- /errorReport:prompt ..\fraction.cpp ..\main.cpp
         fraction.cpp
         main.cpp
     1>..\main.cpp(7): error C2065: 'Fraction': nichtdeklarierter Bezeichner
     1>..\main.cpp(7): error C2146: Syntaxfehler: Fehlendes ';' vor Bezeichner 'f1'
     1>..\main.cpp(7): error C2065: 'f1': nichtdeklarierter Bezeichner
     1>..\main.cpp(7): error C2065: 'f2': nichtdeklarierter Bezeichner
     1>..\main.cpp(7): error C2065: 'result': nichtdeklarierter Bezeichner
     1>..\main.cpp(9): error C2065: 'cin': nichtdeklarierter Bezeichner
     1>..\main.cpp(9): error C2065: 'f1': nichtdeklarierter Bezeichner
     1>..\main.cpp(10): error C2065: 'cin': nichtdeklarierter Bezeichner
     1>..\main.cpp(10): error C2065: 'f2': nichtdeklarierter Bezeichner
     1>..\main.cpp(12): error C2065: 'cout': nichtdeklarierter Bezeichner
     1>..\main.cpp(12): error C2065: 'f1': nichtdeklarierter Bezeichner
     1>..\main.cpp(13): error C2065: 'cout': nichtdeklarierter Bezeichner
     1>..\main.cpp(13): error C2065: 'f2': nichtdeklarierter Bezeichner
     1>..\main.cpp(15): error C2065: 'result': nichtdeklarierter Bezeichner
     1>..\main.cpp(15): error C2065: 'f1': nichtdeklarierter Bezeichner
     1>..\main.cpp(15): error C2065: 'f2': nichtdeklarierter Bezeichner
     1>..\main.cpp(16): error C2065: 'cout': nichtdeklarierter Bezeichner
     1>..\main.cpp(17): error C2065: 'result': nichtdeklarierter Bezeichner
     1>..\main.cpp(19): error C2065: 'result': nichtdeklarierter Bezeichner
     1>..\main.cpp(19): error C2065: 'f1': nichtdeklarierter Bezeichner
     1>..\main.cpp(19): error C2065: 'f2': nichtdeklarierter Bezeichner
     1>..\main.cpp(20): error C2065: 'cout': nichtdeklarierter Bezeichner
     1>..\main.cpp(21): error C2065: 'result': nichtdeklarierter Bezeichner
     1>..\main.cpp(23): error C2065: 'result': nichtdeklarierter Bezeichner
     1>..\main.cpp(23): error C2065: 'f1': nichtdeklarierter Bezeichner
     1>..\main.cpp(23): error C2065: 'f2': nichtdeklarierter Bezeichner
     1>..\main.cpp(24): error C2065: 'cout': nichtdeklarierter Bezeichner
     1>..\main.cpp(25): error C2065: 'result': nichtdeklarierter Bezeichner
     1>..\main.cpp(27): error C2065: 'result': nichtdeklarierter Bezeichner
     1>..\main.cpp(27): error C2065: 'f1': nichtdeklarierter Bezeichner
     1>..\main.cpp(27): error C2065: 'f2': nichtdeklarierter Bezeichner
     1>..\main.cpp(28): error C2065: 'cout': nichtdeklarierter Bezeichner
     1>..\main.cpp(29): error C2065: 'result': nichtdeklarierter Bezeichner
     1>..\main.cpp(31): error C2065: 'stdin': nichtdeklarierter Bezeichner
     1>..\main.cpp(31): error C3861: "rewind": Bezeichner wurde nicht gefunden.
     1>..\main.cpp(32): error C3861: "getchar": Bezeichner wurde nicht gefunden.
     1>Die Erstellung des Projekts "C:\Users\Alexander Wilms\Documents\Hochschule Darmstadt\2. Semester\Technische Informatik 2\Praktika\Praktikum 4\Praktikum 2\Praktikum 2.vcxproj" ist abgeschlossen, Build Ziel(e) -- FEHLER.

Fehler beim Buildvorgang.

Verstrichene Zeit 00:00:00.98
